<?xml version="1.0" encoding="UTF-8"?>
<testsuite name="it.unisa.railways.ExpressTrainTest" tests="1" skipped="0" failures="0" errors="0" timestamp="2022-10-31T00:14:15" hostname="DESKTOP-9L04M6H" time="0.006">
  <properties/>
  <testcase name="testSolution" classname="it.unisa.railways.ExpressTrainTest" time="0.006"/>
  <system-out><![CDATA[]]></system-out>
  <system-err><![CDATA[]]></system-err>
</testsuite>
